INFO:root:2017-02-15 08:32:53.080000
INFO:root:step 3
INFO:root:2017-02-15 10:50:09.752000
INFO:root:step 3
INFO:root:2017-02-15 10:50:49.042000
INFO:root:step 3
INFO:root:2017-02-15 11:29:48.304000
INFO:root:step 3
INFO:root:step 4
ERROR:root:Found input variables with inconsistent numbers of samples: [1000, 50000]
Traceback (most recent call last):
  File "D:/PycharmProjects/cv_hw/hw2/main_p.py", line 208, in run
    classify()
  File "D:/PycharmProjects/cv_hw/hw2/main_p.py", line 197, in classify
    knn(sc_train, sc_test)
  File "D:/PycharmProjects/cv_hw/hw2/main_p.py", line 91, in knn
    clf.fit(x_train, y_train)
  File "C:\Python27_x64\lib\site-packages\sklearn\neighbors\base.py", line 761, in fit
    X, y = check_X_y(X, y, "csr", multi_output=True)
  File "C:\Python27_x64\lib\site-packages\sklearn\utils\validation.py", line 531, in check_X_y
    check_consistent_length(X, y)
  File "C:\Python27_x64\lib\site-packages\sklearn\utils\validation.py", line 181, in check_consistent_length
    " samples: %r" % [int(l) for l in lengths])
ValueError: Found input variables with inconsistent numbers of samples: [1000, 50000]
INFO:root:2017-02-16 02:06:55.285000
INFO:root:step 1
INFO:root:2017-02-16 02:08:03.657000
INFO:root:step 1
INFO:root:2017-02-16 02:11:40.640000
INFO:root:step 1
INFO:root:2017-02-16 04:44:21.933000
INFO:root:step 1
INFO:root:2017-02-16 04:45:41.328000
INFO:root:step 1
ERROR:root:local variable 'key_points' referenced before assignment
Traceback (most recent call last):
  File "D:/PycharmProjects/cv_hw/hw2/main_p.py", line 204, in run
    init()
  File "D:/PycharmProjects/cv_hw/hw2/main_p.py", line 121, in init
    save_sift_data(train_data, data_operation.sift_train_file)
  File "D:/PycharmProjects/cv_hw/hw2/main_p.py", line 68, in save_sift_data
    sf = get_sift_feature(img)
  File "D:/PycharmProjects/cv_hw/hw2/main_p.py", line 34, in get_sift_feature
    key_points, des = sift.compute(gray, key_points)
UnboundLocalError: local variable 'key_points' referenced before assignment
INFO:root:2017-02-16 04:46:17.647000
INFO:root:step 1
INFO:root:2017-02-16 04:56:27.446000
INFO:root:step 1
INFO:root:2017-02-16 04:57:02.705000
INFO:root:step 1
INFO:root:2017-02-16 04:57:26.064000
INFO:root:step 1
INFO:root:2017-02-16 05:18:16.468000
INFO:root:step 1
INFO:root:2017-02-16 05:24:50.132000
INFO:root:step 1
INFO:root:2017-02-16 05:26:55.075000
INFO:root:step 1
INFO:root:2017-02-16 05:31:23.372000
INFO:root:step 1
INFO:root:2017-02-16 05:33:13.266000
INFO:root:step 1
INFO:root:2017-02-16 05:33:37.029000
INFO:root:step 1
INFO:root:2017-02-16 05:34:07.045000
INFO:root:step 1
INFO:root:2017-02-16 05:34:43.473000
INFO:root:step 1
INFO:root:2017-02-16 07:44:40.177000
INFO:root:step 1
INFO:root:2017-02-16 08:38:04.119000
INFO:root:step 1
INFO:root:2017-02-16 08:39:39.033000
INFO:root:step 1
INFO:root:2017-02-16 08:39:57.651000
INFO:root:step 1
INFO:root:2017-02-16 08:40:04.636000
INFO:root:step 1
INFO:root:2017-02-16 08:41:42.892000
INFO:root:step 1
INFO:root:2017-02-16 08:42:15.272000
INFO:root:step 1
INFO:root:2017-02-19 07:28:11.390000
INFO:root:step 4
INFO:root:Cluster is 512, scale is 7, step is 3
ERROR:root:Found input variables with inconsistent numbers of samples: [1000, 50000]
Traceback (most recent call last):
  File "D:/PycharmProjects/cv_hw/hw2/main_p.py", line 229, in run
    classify()
  File "D:/PycharmProjects/cv_hw/hw2/main_p.py", line 220, in classify
    logistic_r(sc_train, sc_test)
  File "D:/PycharmProjects/cv_hw/hw2/main_p.py", line 130, in logistic_r
    clf.fit(x_train, y_train)
  File "C:\Python27_x64\lib\site-packages\sklearn\linear_model\logistic.py", line 1173, in fit
    order="C")
  File "C:\Python27_x64\lib\site-packages\sklearn\utils\validation.py", line 531, in check_X_y
    check_consistent_length(X, y)
  File "C:\Python27_x64\lib\site-packages\sklearn\utils\validation.py", line 181, in check_consistent_length
    " samples: %r" % [int(l) for l in lengths])
ValueError: Found input variables with inconsistent numbers of samples: [1000, 50000]
INFO:root:2017-02-19 07:28:23.855000
INFO:root:step 1
